*****************************************************
*****************************************************
UE4AM new logging init
Recording Time: 20.03.2015 18:09:10
[1] >> UE4AM DB Handler loaded
[2] >> UE4AM Account Handler loaded
[3] >> UE4AM JsonHandler loaded
[4] >> UE4AM AppHandler loaded
[5] >> UE4AM init complete
[6] >> Json received
[7] >> Appid: 
[8] >> Security Token: 
*****************************************************
*****************************************************
UE4AM new logging init
Recording Time: 20.03.2015 18:09:15
[1] >> UE4AM DB Handler loaded
[2] >> UE4AM Account Handler loaded
[3] >> UE4AM JsonHandler loaded
[4] >> UE4AM AppHandler loaded
[5] >> UE4AM init complete
[6] >> Json received
[7] >> Appid: 
[8] >> Security Token: 
*****************************************************
*****************************************************
UE4AM new logging init
Recording Time: 20.03.2015 18:09:29
[1] >> UE4AM DB Handler loaded
[2] >> UE4AM Account Handler loaded
[3] >> UE4AM JsonHandler loaded
[4] >> UE4AM AppHandler loaded
[5] >> UE4AM init complete
[6] >> Json received
[7] >> Appid: 
[8] >> Security Token: 
*****************************************************
*****************************************************
UE4AM new logging init
Recording Time: 20.03.2015 18:12:11
[1] >> UE4AM DB Handler loaded
[2] >> UE4AM Account Handler loaded
[3] >> UE4AM JsonHandler loaded
[4] >> UE4AM AppHandler loaded
[5] >> UE4AM init complete
[6] >> Json received
[7] >> Appid: 
[8] >> Security Token: 
