*****************************************************
*****************************************************
UE4AM new logging init
Recording Time: 17.03.2015 10:15:25
[1] >> UE4AM DB Handler loaded
[1] >> UE4AM DB Handler loaded
[2] >> UE4AM Account Handler loaded
[1] >> UE4AM DB Handler loaded
[2] >> UE4AM Account Handler loaded
[3] >> UE4AM init complete
[1] >> UE4AM DB Handler loaded
[2] >> UE4AM Account Handler loaded
[3] >> UE4AM init complete
[4] >> Json received
[1] >> UE4AM DB Handler loaded
[2] >> UE4AM Account Handler loaded
[3] >> UE4AM init complete
[4] >> Json received
[5] >> Appid: 
[1] >> UE4AM DB Handler loaded
[2] >> UE4AM Account Handler loaded
[3] >> UE4AM init complete
[4] >> Json received
[5] >> Appid: 
[6] >> Security Token: 
*****************************************************
*****************************************************
UE4AM new logging init
Recording Time: 17.03.2015 10:15:28
[1] >> UE4AM DB Handler loaded
[1] >> UE4AM DB Handler loaded
[2] >> UE4AM Account Handler loaded
[1] >> UE4AM DB Handler loaded
[2] >> UE4AM Account Handler loaded
[3] >> UE4AM init complete
[1] >> UE4AM DB Handler loaded
[2] >> UE4AM Account Handler loaded
[3] >> UE4AM init complete
[4] >> Json received
[1] >> UE4AM DB Handler loaded
[2] >> UE4AM Account Handler loaded
[3] >> UE4AM init complete
[4] >> Json received
[5] >> Appid: 
[1] >> UE4AM DB Handler loaded
[2] >> UE4AM Account Handler loaded
[3] >> UE4AM init complete
[4] >> Json received
[5] >> Appid: 
[6] >> Security Token: 
*****************************************************
*****************************************************
UE4AM new logging init
Recording Time: 17.03.2015 10:15:29
[1] >> UE4AM DB Handler loaded
[1] >> UE4AM DB Handler loaded
[2] >> UE4AM Account Handler loaded
[1] >> UE4AM DB Handler loaded
[2] >> UE4AM Account Handler loaded
[3] >> UE4AM init complete
[1] >> UE4AM DB Handler loaded
[2] >> UE4AM Account Handler loaded
[3] >> UE4AM init complete
[4] >> Json received
[1] >> UE4AM DB Handler loaded
[2] >> UE4AM Account Handler loaded
[3] >> UE4AM init complete
[4] >> Json received
[5] >> Appid: 
[1] >> UE4AM DB Handler loaded
[2] >> UE4AM Account Handler loaded
[3] >> UE4AM init complete
[4] >> Json received
[5] >> Appid: 
[6] >> Security Token: 
*****************************************************
*****************************************************
UE4AM new logging init
Recording Time: 17.03.2015 10:16:21

*****************************************************
[1] >> UE4AM DB Handler loaded

*****************************************************
[1] >> UE4AM DB Handler loaded
[2] >> UE4AM Account Handler loaded

*****************************************************
[1] >> UE4AM DB Handler loaded
[2] >> UE4AM Account Handler loaded
[3] >> UE4AM init complete

*****************************************************
[1] >> UE4AM DB Handler loaded
[2] >> UE4AM Account Handler loaded
[3] >> UE4AM init complete
[4] >> Json received

*****************************************************
[1] >> UE4AM DB Handler loaded
[2] >> UE4AM Account Handler loaded
[3] >> UE4AM init complete
[4] >> Json received
[5] >> Appid: 

*****************************************************
[1] >> UE4AM DB Handler loaded
[2] >> UE4AM Account Handler loaded
[3] >> UE4AM init complete
[4] >> Json received
[5] >> Appid: 
[6] >> Security Token: 
*****************************************************
*****************************************************
UE4AM new logging init
Recording Time: 17.03.2015 10:17:09

____________________________________
[1] >> UE4AM DB Handler loaded

____________________________________
[1] >> UE4AM DB Handler loaded
[2] >> UE4AM Account Handler loaded

____________________________________
[1] >> UE4AM DB Handler loaded
[2] >> UE4AM Account Handler loaded
[3] >> UE4AM init complete

____________________________________
[1] >> UE4AM DB Handler loaded
[2] >> UE4AM Account Handler loaded
[3] >> UE4AM init complete
[4] >> Json received

____________________________________
[1] >> UE4AM DB Handler loaded
[2] >> UE4AM Account Handler loaded
[3] >> UE4AM init complete
[4] >> Json received
[5] >> Appid: 

____________________________________
[1] >> UE4AM DB Handler loaded
[2] >> UE4AM Account Handler loaded
[3] >> UE4AM init complete
[4] >> Json received
[5] >> Appid: 
[6] >> Security Token: 
*****************************************************
*****************************************************
UE4AM new logging init
Recording Time: 17.03.2015 10:17:11

____________________________________
[1] >> UE4AM DB Handler loaded

____________________________________
[1] >> UE4AM DB Handler loaded
[2] >> UE4AM Account Handler loaded

____________________________________
[1] >> UE4AM DB Handler loaded
[2] >> UE4AM Account Handler loaded
[3] >> UE4AM init complete

____________________________________
[1] >> UE4AM DB Handler loaded
[2] >> UE4AM Account Handler loaded
[3] >> UE4AM init complete
[4] >> Json received

____________________________________
[1] >> UE4AM DB Handler loaded
[2] >> UE4AM Account Handler loaded
[3] >> UE4AM init complete
[4] >> Json received
[5] >> Appid: 

____________________________________
[1] >> UE4AM DB Handler loaded
[2] >> UE4AM Account Handler loaded
[3] >> UE4AM init complete
[4] >> Json received
[5] >> Appid: 
[6] >> Security Token: 
*****************************************************
*****************************************************
UE4AM new logging init
Recording Time: 17.03.2015 10:19:06
[1] >> UE4AM DB Handler loaded
[2] >> UE4AM Account Handler loaded
[3] >> UE4AM init complete
[4] >> Json received
[5] >> Appid: 
[6] >> Security Token: 
*****************************************************
*****************************************************
UE4AM new logging init
Recording Time: 17.03.2015 10:20:01
[1] >> UE4AM DB Handler loaded
[2] >> UE4AM Account Handler loaded
[3] >> UE4AM init complete
[4] >> Json received
[5] >> Appid: 
[6] >> Security Token: 
*****************************************************
*****************************************************
UE4AM new logging init
Recording Time: 17.03.2015 10:37:22
[1] >> UE4AM DB Handler loaded
[2] >> UE4AM Account Handler loaded
[3] >> UE4AM init complete
[4] >> Json received
[5] >> Appid: 
[6] >> Security Token: 
*****************************************************
*****************************************************
UE4AM new logging init
Recording Time: 17.03.2015 20:03:07
[1] >> UE4AM DB Handler loaded
[2] >> UE4AM Account Handler loaded
[3] >> UE4AM init complete
[4] >> Json received
[5] >> Appid: 
[6] >> Security Token: 
